<?xml version="1.0" encoding="UTF-8"?>
<testsuite xmlns:xsi="http://www.w3.org/2001/XMLSchema-instance" xsi:schemaLocation="https://maven.apache.org/surefire/maven-surefire-plugin/xsd/surefire-test-report.xsd" name="com.maxon.auto.Maxon.RunCukes" time="90.57" tests="48" errors="6" skipped="29" failures="0">
  <properties>
    <property name="java.runtime.name" value="Java(TM) SE Runtime Environment"/>
    <property name="sun.boot.library.path" value="C:\Program Files\Java\jre1.8.0_65\bin"/>
    <property name="java.vm.version" value="25.65-b01"/>
    <property name="java.vm.vendor" value="Oracle Corporation"/>
    <property name="maven.multiModuleProjectDirectory" value="C:\Users\Emman\Desktop\eclipse\BDD_SELENIUM_18.12.17\Cucumber_18_12_17"/>
    <property name="java.vendor.url" value="http://java.oracle.com/"/>
    <property name="path.separator" value=";"/>
    <property name="guice.disable.misplaced.annotation.check" value="true"/>
    <property name="java.vm.name" value="Java HotSpot(TM) 64-Bit Server VM"/>
    <property name="file.encoding.pkg" value="sun.io"/>
    <property name="user.script" value=""/>
    <property name="user.country" value="GB"/>
    <property name="sun.java.launcher" value="SUN_STANDARD"/>
    <property name="sun.os.patch.level" value=""/>
    <property name="java.vm.specification.name" value="Java Virtual Machine Specification"/>
    <property name="user.dir" value="C:\Users\Emman\Desktop\eclipse\BDD_SELENIUM_18.12.17\Cucumber_18_12_17"/>
    <property name="java.runtime.version" value="1.8.0_65-b17"/>
    <property name="java.awt.graphicsenv" value="sun.awt.Win32GraphicsEnvironment"/>
    <property name="java.endorsed.dirs" value="C:\Program Files\Java\jre1.8.0_65\lib\endorsed"/>
    <property name="os.arch" value="amd64"/>
    <property name="java.io.tmpdir" value="C:\Users\Emman\AppData\Local\Temp\"/>
    <property name="line.separator" value="&#10;"/>
    <property name="java.vm.specification.vendor" value="Oracle Corporation"/>
    <property name="user.variant" value=""/>
    <property name="os.name" value="Windows 10"/>
    <property name="classworlds.conf" value="C:\Users\Emman\Desktop\eclipse\BDD_SELENIUM_18.12.17\.metadata\.plugins\org.eclipse.m2e.launching\launches\m2conf708905315454663370.tmp"/>
    <property name="sun.jnu.encoding" value="Cp1252"/>
    <property name="java.library.path" value="C:\Program Files\Java\jre1.8.0_65\bin;C:\WINDOWS\Sun\Java\bin;C:\WINDOWS\system32;C:\WINDOWS;C:/Program Files/Java/jre1.8.0_65/bin/server;C:/Program Files/Java/jre1.8.0_65/bin;C:/Program Files/Java/jre1.8.0_65/lib/amd64;C:\ProgramData\Oracle\Java\javapath;C:\Program Files (x86)\Intel\iCLS Client\;C:\Program Files\Intel\iCLS Client\;C:\WINDOWS\system32;C:\WINDOWS;C:\WINDOWS\System32\Wbem;C:\WINDOWS\System32\WindowsPowerShell\v1.0\;C:\Program Files (x86)\Intel\Intel(R) Management Engine Components\DAL;C:\Program Files\Intel\Intel(R) Management Engine Components\DAL;C:\Program Files (x86)\Intel\Intel(R) Management Engine Components\IPT;C:\Program Files\Intel\Intel(R) Management Engine Components\IPT;C:\Program Files\Intel\IntelSGXPSW\bin\x64\Release\;C:\Program Files\Intel\IntelSGXPSW\bin\win32\Release\;C:\Program Files\Java\jdk1.8.0_65\bin;C:\Users\Emman\Desktop\OLDLAPTOP_TRANS\ANT\apache-ant-1.10.1\bin;C:\Users\Emman\Desktop\OLDLAPTOP_TRANS\ANT\apache-maven-3.2.1\bin;C:\Program Files (x86)\Windows Live\Shared;C:\Program Files\nodejs\;C:\Program Files\Intel\WiFi\bin\;C:\Program Files\Common Files\Intel\WirelessCommon\;C:\Users\Emman\AppData\Local\Microsoft\WindowsApps;C:\Users\Emman\AppData\Roaming\npm;;C:\Users\Emman\Desktop;;."/>
    <property name="java.specification.name" value="Java Platform API Specification"/>
    <property name="java.class.version" value="52.0"/>
    <property name="sun.management.compiler" value="HotSpot 64-Bit Tiered Compilers"/>
    <property name="os.version" value="10.0"/>
    <property name="user.home" value="C:\Users\Emman"/>
    <property name="user.timezone" value="Europe/London"/>
    <property name="java.awt.printerjob" value="sun.awt.windows.WPrinterJob"/>
    <property name="java.specification.version" value="1.8"/>
    <property name="file.encoding" value="Cp1252"/>
    <property name="user.name" value="Emman"/>
    <property name="java.class.path" value="/C:/Users/Emman/Desktop/eclipse/plugins/org.eclipse.m2e.maven.runtime_1.6.1.20150625-2337/jars/plexus-classworlds-2.5.2.jar"/>
    <property name="java.vm.specification.version" value="1.8"/>
    <property name="sun.arch.data.model" value="64"/>
    <property name="java.home" value="C:\Program Files\Java\jre1.8.0_65"/>
    <property name="sun.java.command" value="org.codehaus.plexus.classworlds.launcher.Launcher -B install"/>
    <property name="java.specification.vendor" value="Oracle Corporation"/>
    <property name="user.language" value="en"/>
    <property name="awt.toolkit" value="sun.awt.windows.WToolkit"/>
    <property name="java.vm.info" value="mixed mode"/>
    <property name="java.version" value="1.8.0_65"/>
    <property name="java.ext.dirs" value="C:\Program Files\Java\jre1.8.0_65\lib\ext;C:\WINDOWS\Sun\Java\lib\ext"/>
    <property name="sun.boot.class.path" value="C:\Program Files\Java\jre1.8.0_65\lib\resources.jar;C:\Program Files\Java\jre1.8.0_65\lib\rt.jar;C:\Program Files\Java\jre1.8.0_65\lib\sunrsasign.jar;C:\Program Files\Java\jre1.8.0_65\lib\jsse.jar;C:\Program Files\Java\jre1.8.0_65\lib\jce.jar;C:\Program Files\Java\jre1.8.0_65\lib\charsets.jar;C:\Program Files\Java\jre1.8.0_65\lib\jfr.jar;C:\Program Files\Java\jre1.8.0_65\classes"/>
    <property name="java.vendor" value="Oracle Corporation"/>
    <property name="maven.home" value="C:\Users\Emman\Desktop\eclipse\BDD_SELENIUM_18.12.17\Cucumber_18_12_17\EMBEDDED"/>
    <property name="file.separator" value="\"/>
    <property name="java.vendor.url.bug" value="http://bugreport.sun.com/bugreport/"/>
    <property name="sun.cpu.endian" value="little"/>
    <property name="sun.io.unicode.encoding" value="UnicodeLittle"/>
    <property name="sun.desktop" value="windows"/>
    <property name="sun.cpu.isalist" value="amd64"/>
  </properties>
  <testcase name="Given I am a Good tester" classname="| Good | Complete | Salutes | Hates |" time="0.003"/>
  <testcase name="When I go to work Credentials" classname="| Good | Complete | Salutes | Hates |" time="0.013">
    <error message="No such field com.maxon.auto.stepdef.Userdata.username" type="cucumber.runtime.CucumberException">cucumber.runtime.CucumberException: No such field com.maxon.auto.stepdef.Userdata.username
</error>
  </testcase>
  <testcase name="| Good | Complete | Salutes | Hates |" classname="| Good | Complete | Salutes | Hates |" time="0.014">
    <error message="No such field com.maxon.auto.stepdef.Userdata.username" type="cucumber.runtime.CucumberException">cucumber.runtime.CucumberException: No such field com.maxon.auto.stepdef.Userdata.username
</error>
  </testcase>
  <testcase name="Then I Complete it" classname="| Good | Complete | Salutes | Hates |" time="0">
    <skipped/>
  </testcase>
  <testcase name="And My boss Salutes me" classname="| Good | Complete | Salutes | Hates |" time="0">
    <skipped/>
  </testcase>
  <testcase name="But The develope Hates me" classname="| Good | Complete | Salutes | Hates |" time="0">
    <skipped/>
  </testcase>
  <testcase name="Given I am a Bad tester" classname="| Bad | Mess | Fires | Likes |" time="0"/>
  <testcase name="When I go to work Credentials" classname="| Bad | Mess | Fires | Likes |" time="0.006">
    <error message="No such field com.maxon.auto.stepdef.Userdata.username" type="cucumber.runtime.CucumberException">cucumber.runtime.CucumberException: No such field com.maxon.auto.stepdef.Userdata.username
</error>
  </testcase>
  <testcase name="| Bad | Mess | Fires | Likes |" classname="| Bad | Mess | Fires | Likes |" time="0.008">
    <error message="No such field com.maxon.auto.stepdef.Userdata.username" type="cucumber.runtime.CucumberException">cucumber.runtime.CucumberException: No such field com.maxon.auto.stepdef.Userdata.username
</error>
  </testcase>
  <testcase name="Then I Mess it" classname="| Bad | Mess | Fires | Likes |" time="0">
    <skipped/>
  </testcase>
  <testcase name="And My boss Fires me" classname="| Bad | Mess | Fires | Likes |" time="0">
    <skipped/>
  </testcase>
  <testcase name="But The develope Likes me" classname="| Bad | Mess | Fires | Likes |" time="0">
    <skipped/>
  </testcase>
  <testcase name="Given I am a Avg tester" classname="| Avg | Sufficient | Congrats | Respects |" time="0"/>
  <testcase name="When I go to work Credentials" classname="| Avg | Sufficient | Congrats | Respects |" time="0.001">
    <error message="No such field com.maxon.auto.stepdef.Userdata.username" type="cucumber.runtime.CucumberException">cucumber.runtime.CucumberException: No such field com.maxon.auto.stepdef.Userdata.username
</error>
  </testcase>
  <testcase name="| Avg | Sufficient | Congrats | Respects |" classname="| Avg | Sufficient | Congrats | Respects |" time="0.001">
    <error message="No such field com.maxon.auto.stepdef.Userdata.username" type="cucumber.runtime.CucumberException">cucumber.runtime.CucumberException: No such field com.maxon.auto.stepdef.Userdata.username
</error>
  </testcase>
  <testcase name="Then I Sufficient it" classname="| Avg | Sufficient | Congrats | Respects |" time="0">
    <skipped/>
  </testcase>
  <testcase name="And My boss Congrats me" classname="| Avg | Sufficient | Congrats | Respects |" time="0">
    <skipped/>
  </testcase>
  <testcase name="But The develope Respects me" classname="| Avg | Sufficient | Congrats | Respects |" time="0">
    <skipped/>
  </testcase>
  <testcase name="Given I am on the zoo site" classname="| adoption_link | Adoption |" time="0">
    <skipped/>
  </testcase>
  <testcase name="When I click on adoption_link" classname="| adoption_link | Adoption |" time="0">
    <skipped/>
  </testcase>
  <testcase name="Then I check I am on Adoption" classname="| adoption_link | Adoption |" time="0">
    <skipped/>
  </testcase>
  <testcase name="And I close the browser" classname="| adoption_link | Adoption |" time="0">
    <skipped/>
  </testcase>
  <testcase name="| adoption_link | Adoption |" classname="| adoption_link | Adoption |" time="0">
    <skipped/>
  </testcase>
  <testcase name="| adoption_link | Adoption |" classname="| adoption_link | Adoption |" time="9.985"/>
  <testcase name="Given I am on the zoo site" classname="| about_link | About |" time="0">
    <skipped/>
  </testcase>
  <testcase name="When I click on about_link" classname="| about_link | About |" time="0">
    <skipped/>
  </testcase>
  <testcase name="Then I check I am on About" classname="| about_link | About |" time="0">
    <skipped/>
  </testcase>
  <testcase name="And I close the browser" classname="| about_link | About |" time="0">
    <skipped/>
  </testcase>
  <testcase name="| about_link | About |" classname="| about_link | About |" time="0">
    <skipped/>
  </testcase>
  <testcase name="| about_link | About |" classname="| about_link | About |" time="9.833"/>
  <testcase name="Given I am on the zoo site" classname="| contact_link | Contact |" time="0">
    <skipped/>
  </testcase>
  <testcase name="When I click on contact_link" classname="| contact_link | Contact |" time="0">
    <skipped/>
  </testcase>
  <testcase name="Then I check I am on Contact" classname="| contact_link | Contact |" time="0">
    <skipped/>
  </testcase>
  <testcase name="And I close the browser" classname="| contact_link | Contact |" time="0">
    <skipped/>
  </testcase>
  <testcase name="| contact_link | Contact |" classname="| contact_link | Contact |" time="0">
    <skipped/>
  </testcase>
  <testcase name="| contact_link | Contact |" classname="| contact_link | Contact |" time="9.554"/>
  <testcase name="Given I am on the zoo site" classname="| home_link | Home |" time="0">
    <skipped/>
  </testcase>
  <testcase name="When I click on home_link" classname="| home_link | Home |" time="0">
    <skipped/>
  </testcase>
  <testcase name="Then I check I am on Home" classname="| home_link | Home |" time="0">
    <skipped/>
  </testcase>
  <testcase name="And I close the browser" classname="| home_link | Home |" time="0">
    <skipped/>
  </testcase>
  <testcase name="| home_link | Home |" classname="| home_link | Home |" time="0">
    <skipped/>
  </testcase>
  <testcase name="| home_link | Home |" classname="| home_link | Home |" time="9.609"/>
  <testcase name="Given I am on the home page" classname="Scenario: Send Contact Message" time="0.002"/>
  <testcase name="When I navigate to Contact Page" classname="Scenario: Send Contact Message" time="0.001"/>
  <testcase name="And I fill form with Data" classname="Scenario: Send Contact Message" time="0"/>
  <testcase name="And I submit the information" classname="Scenario: Send Contact Message" time="0"/>
  <testcase name="Then I get a confirmation message" classname="Scenario: Send Contact Message" time="0"/>
  <testcase name="Scenario: Send Contact Message" classname="Scenario: Send Contact Message" time="0.69"/>
</testsuite>